# JRE version: OpenJDK Runtime Environment Temurin-21.0.3+9 (21.0.3+9) (build 21.0.3+9-LTS)
# Java VM: OpenJDK 64-Bit Server VM Temurin-21.0.3+9 (21.0.3+9-LTS, mixed mode, emulated-client, tiered, compressed oops, compressed class ptrs, g1 gc, windows-amd64)
GC Precious Log:
 CardTable entry size: 512
 Card Set container configuration: InlinePtr #cards 5 size 8 Array Of Cards #cards 12 size 40 Howl #buckets 4 coarsen threshold 1843 Howl Bitmap #cards 512 size 80 coarsen threshold 460 Card regions per heap region 1 cards per card region 2048
 CPUs: 8 total, 8 available
 Memory: 7886M
 Large Page Support: Disabled
 NUMA Support: Disabled
 Compressed Oops: Enabled (32-bit)
 Heap Region Size: 1M
 Heap Min Capacity: 8M
 Heap Initial Capacity: 124M
 Heap Max Capacity: 1972M
 Pre-touch: Disabled
 Parallel Workers: 8
 Concurrent Workers: 2
 Concurrent Refinement Workers: 8
 Periodic GC: Disabled
Heap:
 garbage-first heap   total 115712K, used 73357K [0x0000000084c00000, 0x0000000100000000)
  region size 1024K, 41 young (41984K), 5 survivors (5120K)
 Metaspace       used 89443K, committed 90176K, reserved 1179648K
  class space    used 11602K, committed 11904K, reserved 1048576K
GC Heap History (20 events):
Event: 3.900 GC heap before
{Heap before GC invocations=18 (full 0):
 garbage-first heap   total 80896K, used 67705K [0x0000000084c00000, 0x0000000100000000)
  region size 1024K, 47 young (48128K), 4 survivors (4096K)
 Metaspace       used 58642K, committed 59200K, reserved 1114112K
  class space    used 7379K, committed 7616K, reserved 1048576K
}
Event: 3.904 GC heap after
{Heap after GC invocations=19 (full 0):
 garbage-first heap   total 97280K, used 24950K [0x0000000084c00000, 0x0000000100000000)
  region size 1024K, 4 young (4096K), 4 survivors (4096K)
 Metaspace       used 58642K, committed 59200K, reserved 1114112K
  class space    used 7379K, committed 7616K, reserved 1048576K
}
Event: 3.945 GC heap before
{Heap before GC invocations=19 (full 0):
 garbage-first heap   total 97280K, used 31094K [0x0000000084c00000, 0x0000000100000000)
  region size 1024K, 12 young (12288K), 4 survivors (4096K)
 Metaspace       used 59622K, committed 60160K, reserved 1114112K
  class space    used 7474K, committed 7744K, reserved 1048576K
}
Event: 3.951 GC heap after
{Heap after GC invocations=20 (full 0):
 garbage-first heap   total 97280K, used 25163K [0x0000000084c00000, 0x0000000100000000)
  region size 1024K, 4 young (4096K), 4 survivors (4096K)
 Metaspace       used 59622K, committed 60160K, reserved 1114112K
  class space    used 7474K, committed 7744K, reserved 1048576K
}
Event: 4.330 GC heap before
{Heap before GC invocations=21 (full 0):
 garbage-first heap   total 96256K, used 77387K [0x0000000084c00000, 0x0000000100000000)
  region size 1024K, 56 young (57344K), 4 survivors (4096K)
 Metaspace       used 65152K, committed 65792K, reserved 1114112K
  class space    used 8482K, committed 8768K, reserved 1048576K
}
Event: 4.334 GC heap after
{Heap after GC invocations=22 (full 0):
 garbage-first heap   total 96256K, used 26204K [0x0000000084c00000, 0x0000000100000000)
  region size 1024K, 5 young (5120K), 5 survivors (5120K)
 Metaspace       used 65152K, committed 65792K, reserved 1114112K
  class space    used 8482K, committed 8768K, reserved 1048576K
}
Event: 4.726 GC heap before
{Heap before GC invocations=22 (full 0):
 garbage-first heap   total 96256K, used 78428K [0x0000000084c00000, 0x0000000100000000)
  region size 1024K, 56 young (57344K), 5 survivors (5120K)
 Metaspace       used 70297K, committed 70912K, reserved 1114112K
  class space    used 9164K, committed 9408K, reserved 1048576K
}
Event: 4.732 GC heap after
{Heap after GC invocations=23 (full 0):
 garbage-first heap   total 96256K, used 27984K [0x0000000084c00000, 0x0000000100000000)
  region size 1024K, 5 young (5120K), 5 survivors (5120K)
 Metaspace       used 70297K, committed 70912K, reserved 1114112K
  class space    used 9164K, committed 9408K, reserved 1048576K
}
Event: 5.191 GC heap before
{Heap before GC invocations=23 (full 0):
 garbage-first heap   total 96256K, used 80208K [0x0000000084c00000, 0x0000000100000000)
  region size 1024K, 56 young (57344K), 5 survivors (5120K)
 Metaspace       used 73991K, committed 74688K, reserved 1114112K
  class space    used 9706K, committed 10048K, reserved 1048576K
}
Event: 5.198 GC heap after
{Heap after GC invocations=24 (full 0):
 garbage-first heap   total 115712K, used 31569K [0x0000000084c00000, 0x0000000100000000)
  region size 1024K, 7 young (7168K), 7 survivors (7168K)
 Metaspace       used 73991K, committed 74688K, reserved 1114112K
  class space    used 9706K, committed 10048K, reserved 1048576K
}
Event: 13.453 GC heap before
{Heap before GC invocations=24 (full 0):
 garbage-first heap   total 115712K, used 91985K [0x0000000084c00000, 0x0000000100000000)
  region size 1024K, 67 young (68608K), 7 survivors (7168K)
 Metaspace       used 77360K, committed 78080K, reserved 1179648K
  class space    used 10194K, committed 10560K, reserved 1048576K
}
Event: 13.461 GC heap after
{Heap after GC invocations=25 (full 0):
 garbage-first heap   total 115712K, used 33194K [0x0000000084c00000, 0x0000000100000000)
  region size 1024K, 6 young (6144K), 6 survivors (6144K)
 Metaspace       used 77360K, committed 78080K, reserved 1179648K
  class space    used 10194K, committed 10560K, reserved 1048576K
}
Event: 13.933 GC heap before
{Heap before GC invocations=25 (full 0):
 garbage-first heap   total 115712K, used 94634K [0x0000000084c00000, 0x0000000100000000)
  region size 1024K, 67 young (68608K), 6 survivors (6144K)
 Metaspace       used 82190K, committed 82944K, reserved 1179648K
  class space    used 10603K, committed 10944K, reserved 1048576K
}
Event: 13.940 GC heap after
{Heap after GC invocations=26 (full 0):
 garbage-first heap   total 115712K, used 35184K [0x0000000084c00000, 0x0000000100000000)
  region size 1024K, 4 young (4096K), 4 survivors (4096K)
 Metaspace       used 82190K, committed 82944K, reserved 1179648K
  class space    used 10603K, committed 10944K, reserved 1048576K
}
Event: 14.386 GC heap before
{Heap before GC invocations=26 (full 0):
 garbage-first heap   total 115712K, used 58736K [0x0000000084c00000, 0x0000000100000000)
  region size 1024K, 29 young (29696K), 4 survivors (4096K)
 Metaspace       used 84195K, committed 84928K, reserved 1179648K
  class space    used 10810K, committed 11136K, reserved 1048576K
}
Event: 14.394 GC heap after
{Heap after GC invocations=27 (full 0):
 garbage-first heap   total 115712K, used 36329K [0x0000000084c00000, 0x0000000100000000)
  region size 1024K, 5 young (5120K), 5 survivors (5120K)
 Metaspace       used 84195K, committed 84928K, reserved 1179648K
  class space    used 10810K, committed 11136K, reserved 1048576K
}
Event: 17.271 GC heap before
{Heap before GC invocations=28 (full 0):
 garbage-first heap   total 115712K, used 98793K [0x0000000084c00000, 0x0000000100000000)
  region size 1024K, 67 young (68608K), 5 survivors (5120K)
 Metaspace       used 89160K, committed 89920K, reserved 1179648K
  class space    used 11570K, committed 11904K, reserved 1048576K
}
Event: 17.280 GC heap after
{Heap after GC invocations=29 (full 0):
 garbage-first heap   total 115712K, used 37550K [0x0000000084c00000, 0x0000000100000000)
  region size 1024K, 5 young (5120K), 5 survivors (5120K)
 Metaspace       used 89160K, committed 89920K, reserved 1179648K
  class space    used 11570K, committed 11904K, reserved 1048576K
}
Event: 26.089 GC heap before
{Heap before GC invocations=29 (full 0):
 garbage-first heap   total 115712K, used 60078K [0x0000000084c00000, 0x0000000100000000)
  region size 1024K, 28 young (28672K), 5 survivors (5120K)
 Metaspace       used 89439K, committed 90176K, reserved 1179648K
  class space    used 11599K, committed 11904K, reserved 1048576K
}
Event: 26.095 GC heap after
{Heap after GC invocations=30 (full 0):
 garbage-first heap   total 115712K, used 37517K [0x0000000084c00000, 0x0000000100000000)
  region size 1024K, 5 young (5120K), 5 survivors (5120K)
 Metaspace       used 89439K, committed 90176K, reserved 1179648K
  class space    used 11599K, committed 11904K, reserved 1048576K
}

